03/13 00:10:25 - OpenCompass - [4m[97mINFO[0m - Task [chatglm3-6b-32k-hf/creationv2_zh_9]
03/13 00:10:42 - OpenCompass - [4m[97mINFO[0m - Start inferencing [chatglm3-6b-32k-hf/creationv2_zh_9]
03/13 00:11:20 - OpenCompass - [4m[97mINFO[0m - time elapsed: 54.33s
srun: job 3472222 queued and waiting for resources
srun: job 3472222 has been allocated resources
srun: Job 3472222 scheduled successfully!
Current QUOTA_TYPE is [spot], which means the job has occupied quota in SPOT_TOTAL under your partition.
[NOTE]: This job MAY BE PREEMPTED by other jobs of reserved QUOTA_TYPE.
[NOTE]: phx_priority has NO effect on job of spot quota type.

/mnt/petrelfs/caomaosong/miniconda3/envs/opencompass/lib/python3.10/site-packages/transformers/utils/hub.py:124: FutureWarning: Using `TRANSFORMERS_CACHE` is deprecated and will be removed in v5 of Transformers. Use `HF_HOME` instead.
  warnings.warn(
A new version of the following files was downloaded from https://huggingface.co/THUDM/chatglm3-6b:
- tokenization_chatglm.py
. Make sure to double-check they do not contain any added malicious code. To avoid downloading new versions of the code file, you can pin a revision.
A new version of the following files was downloaded from https://huggingface.co/THUDM/chatglm3-6b:
- configuration_chatglm.py
. Make sure to double-check they do not contain any added malicious code. To avoid downloading new versions of the code file, you can pin a revision.
A new version of the following files was downloaded from https://huggingface.co/THUDM/chatglm3-6b:
- modeling_chatglm.py
. Make sure to double-check they do not contain any added malicious code. To avoid downloading new versions of the code file, you can pin a revision.

Downloading shards:   0%|          | 0/7 [00:00<?, ?it/s]
Downloading shards: 100%|â–ˆâ–ˆâ–ˆâ–ˆâ–ˆâ–ˆâ–ˆâ–ˆâ–ˆâ–ˆ| 7/7 [00:00<00:00, 564.72it/s]

Loading checkpoint shards:   0%|          | 0/7 [00:00<?, ?it/s]
Loading checkpoint shards:  14%|â–ˆâ–        | 1/7 [00:01<00:09,  1.53s/it]
Loading checkpoint shards:  29%|â–ˆâ–ˆâ–Š       | 2/7 [00:02<00:06,  1.24s/it]
Loading checkpoint shards:  43%|â–ˆâ–ˆâ–ˆâ–ˆâ–Ž     | 3/7 [00:03<00:04,  1.14s/it]
Loading checkpoint shards:  57%|â–ˆâ–ˆâ–ˆâ–ˆâ–ˆâ–‹    | 4/7 [00:04<00:03,  1.06s/it]
Loading checkpoint shards:  71%|â–ˆâ–ˆâ–ˆâ–ˆâ–ˆâ–ˆâ–ˆâ–  | 5/7 [00:05<00:02,  1.05s/it]
Loading checkpoint shards:  86%|â–ˆâ–ˆâ–ˆâ–ˆâ–ˆâ–ˆâ–ˆâ–ˆâ–Œ | 6/7 [00:06<00:01,  1.04s/it]
Loading checkpoint shards: 100%|â–ˆâ–ˆâ–ˆâ–ˆâ–ˆâ–ˆâ–ˆâ–ˆâ–ˆâ–ˆ| 7/7 [00:07<00:00,  1.11it/s]
Loading checkpoint shards: 100%|â–ˆâ–ˆâ–ˆâ–ˆâ–ˆâ–ˆâ–ˆâ–ˆâ–ˆâ–ˆ| 7/7 [00:07<00:00,  1.03s/it]
[2024-03-13 00:10:42,722] [opencompass.openicl.icl_inferencer.icl_gen_inferencer] [INFO] Starting inference process...

  0%|          | 0/10 [00:00<?, ?it/s]Both `max_new_tokens` (=2048) and `max_length`(=8192) seem to have been set. `max_new_tokens` will take precedence. Please refer to the documentation for more information. (https://huggingface.co/docs/transformers/main/en/main_classes/text_generation)

 10%|â–ˆ         | 1/10 [00:10<01:31, 10.21s/it]Both `max_new_tokens` (=2048) and `max_length`(=8192) seem to have been set. `max_new_tokens` will take precedence. Please refer to the documentation for more information. (https://huggingface.co/docs/transformers/main/en/main_classes/text_generation)

 20%|â–ˆâ–ˆ        | 2/10 [00:16<01:04,  8.01s/it]Both `max_new_tokens` (=2048) and `max_length`(=8192) seem to have been set. `max_new_tokens` will take precedence. Please refer to the documentation for more information. (https://huggingface.co/docs/transformers/main/en/main_classes/text_generation)

 30%|â–ˆâ–ˆâ–ˆ       | 3/10 [00:23<00:52,  7.47s/it]Both `max_new_tokens` (=2048) and `max_length`(=8192) seem to have been set. `max_new_tokens` will take precedence. Please refer to the documentation for more information. (https://huggingface.co/docs/transformers/main/en/main_classes/text_generation)

 40%|â–ˆâ–ˆâ–ˆâ–ˆ      | 4/10 [00:32<00:49,  8.26s/it]Both `max_new_tokens` (=2048) and `max_length`(=8192) seem to have been set. `max_new_tokens` will take precedence. Please refer to the documentation for more information. (https://huggingface.co/docs/transformers/main/en/main_classes/text_generation)

 50%|â–ˆâ–ˆâ–ˆâ–ˆâ–ˆ     | 5/10 [00:33<00:27,  5.52s/it]Both `max_new_tokens` (=2048) and `max_length`(=8192) seem to have been set. `max_new_tokens` will take precedence. Please refer to the documentation for more information. (https://huggingface.co/docs/transformers/main/en/main_classes/text_generation)

 60%|â–ˆâ–ˆâ–ˆâ–ˆâ–ˆâ–ˆ    | 6/10 [00:34<00:15,  3.98s/it]Both `max_new_tokens` (=2048) and `max_length`(=8192) seem to have been set. `max_new_tokens` will take precedence. Please refer to the documentation for more information. (https://huggingface.co/docs/transformers/main/en/main_classes/text_generation)

 70%|â–ˆâ–ˆâ–ˆâ–ˆâ–ˆâ–ˆâ–ˆ   | 7/10 [00:35<00:08,  2.90s/it]Both `max_new_tokens` (=2048) and `max_length`(=8192) seem to have been set. `max_new_tokens` will take precedence. Please refer to the documentation for more information. (https://huggingface.co/docs/transformers/main/en/main_classes/text_generation)

 80%|â–ˆâ–ˆâ–ˆâ–ˆâ–ˆâ–ˆâ–ˆâ–ˆ  | 8/10 [00:36<00:04,  2.21s/it]Both `max_new_tokens` (=2048) and `max_length`(=8192) seem to have been set. `max_new_tokens` will take precedence. Please refer to the documentation for more information. (https://huggingface.co/docs/transformers/main/en/main_classes/text_generation)

 90%|â–ˆâ–ˆâ–ˆâ–ˆâ–ˆâ–ˆâ–ˆâ–ˆâ–ˆ | 9/10 [00:37<00:01,  1.85s/it]Both `max_new_tokens` (=2048) and `max_length`(=8192) seem to have been set. `max_new_tokens` will take precedence. Please refer to the documentation for more information. (https://huggingface.co/docs/transformers/main/en/main_classes/text_generation)

100%|â–ˆâ–ˆâ–ˆâ–ˆâ–ˆâ–ˆâ–ˆâ–ˆâ–ˆâ–ˆ| 10/10 [00:37<00:00,  1.40s/it]
100%|â–ˆâ–ˆâ–ˆâ–ˆâ–ˆâ–ˆâ–ˆâ–ˆâ–ˆâ–ˆ| 10/10 [00:37<00:00,  3.75s/it]
