03/13 00:09:14 - OpenCompass - [4m[97mINFO[0m - Task [chatglm3-6b-32k-hf/creationv2_zh_2]
03/13 00:09:31 - OpenCompass - [4m[97mINFO[0m - Start inferencing [chatglm3-6b-32k-hf/creationv2_zh_2]
03/13 00:10:07 - OpenCompass - [4m[97mINFO[0m - time elapsed: 53.30s
srun: job 3472214 queued and waiting for resources
srun: job 3472214 has been allocated resources
srun: Job 3472214 scheduled successfully!
Current QUOTA_TYPE is [spot], which means the job has occupied quota in SPOT_TOTAL under your partition.
[NOTE]: This job MAY BE PREEMPTED by other jobs of reserved QUOTA_TYPE.
[NOTE]: phx_priority has NO effect on job of spot quota type.

/mnt/petrelfs/caomaosong/miniconda3/envs/opencompass/lib/python3.10/site-packages/transformers/utils/hub.py:124: FutureWarning: Using `TRANSFORMERS_CACHE` is deprecated and will be removed in v5 of Transformers. Use `HF_HOME` instead.
  warnings.warn(
A new version of the following files was downloaded from https://huggingface.co/THUDM/chatglm3-6b:
- tokenization_chatglm.py
. Make sure to double-check they do not contain any added malicious code. To avoid downloading new versions of the code file, you can pin a revision.
A new version of the following files was downloaded from https://huggingface.co/THUDM/chatglm3-6b:
- configuration_chatglm.py
. Make sure to double-check they do not contain any added malicious code. To avoid downloading new versions of the code file, you can pin a revision.
A new version of the following files was downloaded from https://huggingface.co/THUDM/chatglm3-6b:
- modeling_chatglm.py
. Make sure to double-check they do not contain any added malicious code. To avoid downloading new versions of the code file, you can pin a revision.

Downloading shards:   0%|          | 0/7 [00:00<?, ?it/s]
Downloading shards: 100%|â–ˆâ–ˆâ–ˆâ–ˆâ–ˆâ–ˆâ–ˆâ–ˆâ–ˆâ–ˆ| 7/7 [00:00<00:00, 587.56it/s]

Loading checkpoint shards:   0%|          | 0/7 [00:00<?, ?it/s]
Loading checkpoint shards:  14%|â–ˆâ–        | 1/7 [00:01<00:06,  1.02s/it]
Loading checkpoint shards:  29%|â–ˆâ–ˆâ–Š       | 2/7 [00:02<00:05,  1.11s/it]
Loading checkpoint shards:  43%|â–ˆâ–ˆâ–ˆâ–ˆâ–Ž     | 3/7 [00:03<00:04,  1.12s/it]
Loading checkpoint shards:  57%|â–ˆâ–ˆâ–ˆâ–ˆâ–ˆâ–‹    | 4/7 [00:04<00:03,  1.12s/it]
Loading checkpoint shards:  71%|â–ˆâ–ˆâ–ˆâ–ˆâ–ˆâ–ˆâ–ˆâ–  | 5/7 [00:05<00:02,  1.13s/it]
Loading checkpoint shards:  86%|â–ˆâ–ˆâ–ˆâ–ˆâ–ˆâ–ˆâ–ˆâ–ˆâ–Œ | 6/7 [00:06<00:01,  1.12s/it]
Loading checkpoint shards: 100%|â–ˆâ–ˆâ–ˆâ–ˆâ–ˆâ–ˆâ–ˆâ–ˆâ–ˆâ–ˆ| 7/7 [00:07<00:00,  1.04it/s]
Loading checkpoint shards: 100%|â–ˆâ–ˆâ–ˆâ–ˆâ–ˆâ–ˆâ–ˆâ–ˆâ–ˆâ–ˆ| 7/7 [00:07<00:00,  1.05s/it]
[2024-03-13 00:09:31,140] [opencompass.openicl.icl_inferencer.icl_gen_inferencer] [INFO] Starting inference process...

  0%|          | 0/10 [00:00<?, ?it/s]Both `max_new_tokens` (=2048) and `max_length`(=8192) seem to have been set. `max_new_tokens` will take precedence. Please refer to the documentation for more information. (https://huggingface.co/docs/transformers/main/en/main_classes/text_generation)

 10%|â–ˆ         | 1/10 [00:02<00:20,  2.31s/it]Both `max_new_tokens` (=2048) and `max_length`(=8192) seem to have been set. `max_new_tokens` will take precedence. Please refer to the documentation for more information. (https://huggingface.co/docs/transformers/main/en/main_classes/text_generation)

 20%|â–ˆâ–ˆ        | 2/10 [00:03<00:14,  1.81s/it]Both `max_new_tokens` (=2048) and `max_length`(=8192) seem to have been set. `max_new_tokens` will take precedence. Please refer to the documentation for more information. (https://huggingface.co/docs/transformers/main/en/main_classes/text_generation)

 30%|â–ˆâ–ˆâ–ˆ       | 3/10 [00:04<00:09,  1.38s/it]Both `max_new_tokens` (=2048) and `max_length`(=8192) seem to have been set. `max_new_tokens` will take precedence. Please refer to the documentation for more information. (https://huggingface.co/docs/transformers/main/en/main_classes/text_generation)

 40%|â–ˆâ–ˆâ–ˆâ–ˆ      | 4/10 [00:06<00:09,  1.61s/it]Both `max_new_tokens` (=2048) and `max_length`(=8192) seem to have been set. `max_new_tokens` will take precedence. Please refer to the documentation for more information. (https://huggingface.co/docs/transformers/main/en/main_classes/text_generation)

 50%|â–ˆâ–ˆâ–ˆâ–ˆâ–ˆ     | 5/10 [00:08<00:08,  1.75s/it]Both `max_new_tokens` (=2048) and `max_length`(=8192) seem to have been set. `max_new_tokens` will take precedence. Please refer to the documentation for more information. (https://huggingface.co/docs/transformers/main/en/main_classes/text_generation)

 60%|â–ˆâ–ˆâ–ˆâ–ˆâ–ˆâ–ˆ    | 6/10 [00:10<00:06,  1.68s/it]Both `max_new_tokens` (=2048) and `max_length`(=8192) seem to have been set. `max_new_tokens` will take precedence. Please refer to the documentation for more information. (https://huggingface.co/docs/transformers/main/en/main_classes/text_generation)

 70%|â–ˆâ–ˆâ–ˆâ–ˆâ–ˆâ–ˆâ–ˆ   | 7/10 [00:16<00:09,  3.23s/it]Both `max_new_tokens` (=2048) and `max_length`(=8192) seem to have been set. `max_new_tokens` will take precedence. Please refer to the documentation for more information. (https://huggingface.co/docs/transformers/main/en/main_classes/text_generation)

 80%|â–ˆâ–ˆâ–ˆâ–ˆâ–ˆâ–ˆâ–ˆâ–ˆ  | 8/10 [00:19<00:06,  3.23s/it]Both `max_new_tokens` (=2048) and `max_length`(=8192) seem to have been set. `max_new_tokens` will take precedence. Please refer to the documentation for more information. (https://huggingface.co/docs/transformers/main/en/main_classes/text_generation)

 90%|â–ˆâ–ˆâ–ˆâ–ˆâ–ˆâ–ˆâ–ˆâ–ˆâ–ˆ | 9/10 [00:26<00:04,  4.27s/it]Both `max_new_tokens` (=2048) and `max_length`(=8192) seem to have been set. `max_new_tokens` will take precedence. Please refer to the documentation for more information. (https://huggingface.co/docs/transformers/main/en/main_classes/text_generation)

100%|â–ˆâ–ˆâ–ˆâ–ˆâ–ˆâ–ˆâ–ˆâ–ˆâ–ˆâ–ˆ| 10/10 [00:36<00:00,  6.10s/it]
100%|â–ˆâ–ˆâ–ˆâ–ˆâ–ˆâ–ˆâ–ˆâ–ˆâ–ˆâ–ˆ| 10/10 [00:36<00:00,  3.65s/it]
