03/13 00:12:04 - OpenCompass - [4m[97mINFO[0m - Task [baichuan/creationv2_zh_5]
03/13 00:12:23 - OpenCompass - [4m[97mINFO[0m - Start inferencing [baichuan/creationv2_zh_5]
03/13 00:14:04 - OpenCompass - [4m[97mINFO[0m - time elapsed: 120.06s
srun: job 3472242 queued and waiting for resources
srun: job 3472242 has been allocated resources
srun: Job 3472242 scheduled successfully!
Current QUOTA_TYPE is [spot], which means the job has occupied quota in SPOT_TOTAL under your partition.
[NOTE]: This job MAY BE PREEMPTED by other jobs of reserved QUOTA_TYPE.
[NOTE]: phx_priority has NO effect on job of spot quota type.

/mnt/petrelfs/caomaosong/miniconda3/envs/opencompass/lib/python3.10/site-packages/transformers/utils/hub.py:124: FutureWarning: Using `TRANSFORMERS_CACHE` is deprecated and will be removed in v5 of Transformers. Use `HF_HOME` instead.
  warnings.warn(
A new version of the following files was downloaded from https://huggingface.co/THUDM/chatglm3-6b:
- tokenization_chatglm.py
. Make sure to double-check they do not contain any added malicious code. To avoid downloading new versions of the code file, you can pin a revision.
A new version of the following files was downloaded from https://huggingface.co/THUDM/chatglm3-6b:
- configuration_chatglm.py
. Make sure to double-check they do not contain any added malicious code. To avoid downloading new versions of the code file, you can pin a revision.
A new version of the following files was downloaded from https://huggingface.co/THUDM/chatglm3-6b:
- modeling_chatglm.py
. Make sure to double-check they do not contain any added malicious code. To avoid downloading new versions of the code file, you can pin a revision.

Downloading shards:   0%|          | 0/7 [00:00<?, ?it/s]
Downloading shards: 100%|â–ˆâ–ˆâ–ˆâ–ˆâ–ˆâ–ˆâ–ˆâ–ˆâ–ˆâ–ˆ| 7/7 [00:00<00:00, 533.17it/s]

Loading checkpoint shards:   0%|          | 0/7 [00:00<?, ?it/s]
Loading checkpoint shards:  14%|â–ˆâ–        | 1/7 [00:01<00:06,  1.15s/it]
Loading checkpoint shards:  29%|â–ˆâ–ˆâ–Š       | 2/7 [00:02<00:05,  1.19s/it]
Loading checkpoint shards:  43%|â–ˆâ–ˆâ–ˆâ–ˆâ–Ž     | 3/7 [00:03<00:04,  1.11s/it]
Loading checkpoint shards:  57%|â–ˆâ–ˆâ–ˆâ–ˆâ–ˆâ–‹    | 4/7 [00:04<00:03,  1.10s/it]
Loading checkpoint shards:  71%|â–ˆâ–ˆâ–ˆâ–ˆâ–ˆâ–ˆâ–ˆâ–  | 5/7 [00:05<00:02,  1.11s/it]
Loading checkpoint shards:  86%|â–ˆâ–ˆâ–ˆâ–ˆâ–ˆâ–ˆâ–ˆâ–ˆâ–Œ | 6/7 [00:06<00:01,  1.11s/it]
Loading checkpoint shards: 100%|â–ˆâ–ˆâ–ˆâ–ˆâ–ˆâ–ˆâ–ˆâ–ˆâ–ˆâ–ˆ| 7/7 [00:07<00:00,  1.00it/s]
Loading checkpoint shards: 100%|â–ˆâ–ˆâ–ˆâ–ˆâ–ˆâ–ˆâ–ˆâ–ˆâ–ˆâ–ˆ| 7/7 [00:07<00:00,  1.07s/it]
[2024-03-13 00:12:23,279] [opencompass.openicl.icl_inferencer.icl_gen_inferencer] [INFO] Starting inference process...

  0%|          | 0/10 [00:00<?, ?it/s]Both `max_new_tokens` (=2048) and `max_length`(=8192) seem to have been set. `max_new_tokens` will take precedence. Please refer to the documentation for more information. (https://huggingface.co/docs/transformers/main/en/main_classes/text_generation)

 10%|â–ˆ         | 1/10 [00:05<00:50,  5.62s/it]Both `max_new_tokens` (=2048) and `max_length`(=8192) seem to have been set. `max_new_tokens` will take precedence. Please refer to the documentation for more information. (https://huggingface.co/docs/transformers/main/en/main_classes/text_generation)

 20%|â–ˆâ–ˆ        | 2/10 [00:10<00:39,  4.90s/it]Both `max_new_tokens` (=2048) and `max_length`(=8192) seem to have been set. `max_new_tokens` will take precedence. Please refer to the documentation for more information. (https://huggingface.co/docs/transformers/main/en/main_classes/text_generation)

 30%|â–ˆâ–ˆâ–ˆ       | 3/10 [00:17<00:43,  6.16s/it]Both `max_new_tokens` (=2048) and `max_length`(=8192) seem to have been set. `max_new_tokens` will take precedence. Please refer to the documentation for more information. (https://huggingface.co/docs/transformers/main/en/main_classes/text_generation)

 40%|â–ˆâ–ˆâ–ˆâ–ˆ      | 4/10 [00:26<00:44,  7.35s/it]Both `max_new_tokens` (=2048) and `max_length`(=8192) seem to have been set. `max_new_tokens` will take precedence. Please refer to the documentation for more information. (https://huggingface.co/docs/transformers/main/en/main_classes/text_generation)

 50%|â–ˆâ–ˆâ–ˆâ–ˆâ–ˆ     | 5/10 [00:32<00:33,  6.68s/it]Both `max_new_tokens` (=2048) and `max_length`(=8192) seem to have been set. `max_new_tokens` will take precedence. Please refer to the documentation for more information. (https://huggingface.co/docs/transformers/main/en/main_classes/text_generation)

 60%|â–ˆâ–ˆâ–ˆâ–ˆâ–ˆâ–ˆ    | 6/10 [00:36<00:22,  5.71s/it]Both `max_new_tokens` (=2048) and `max_length`(=8192) seem to have been set. `max_new_tokens` will take precedence. Please refer to the documentation for more information. (https://huggingface.co/docs/transformers/main/en/main_classes/text_generation)

 70%|â–ˆâ–ˆâ–ˆâ–ˆâ–ˆâ–ˆâ–ˆ   | 7/10 [00:45<00:20,  6.90s/it]Both `max_new_tokens` (=2048) and `max_length`(=8192) seem to have been set. `max_new_tokens` will take precedence. Please refer to the documentation for more information. (https://huggingface.co/docs/transformers/main/en/main_classes/text_generation)

 80%|â–ˆâ–ˆâ–ˆâ–ˆâ–ˆâ–ˆâ–ˆâ–ˆ  | 8/10 [00:52<00:13,  6.79s/it]Both `max_new_tokens` (=2048) and `max_length`(=8192) seem to have been set. `max_new_tokens` will take precedence. Please refer to the documentation for more information. (https://huggingface.co/docs/transformers/main/en/main_classes/text_generation)

 90%|â–ˆâ–ˆâ–ˆâ–ˆâ–ˆâ–ˆâ–ˆâ–ˆâ–ˆ | 9/10 [01:36<00:18, 18.44s/it]Both `max_new_tokens` (=2048) and `max_length`(=8192) seem to have been set. `max_new_tokens` will take precedence. Please refer to the documentation for more information. (https://huggingface.co/docs/transformers/main/en/main_classes/text_generation)

100%|â–ˆâ–ˆâ–ˆâ–ˆâ–ˆâ–ˆâ–ˆâ–ˆâ–ˆâ–ˆ| 10/10 [01:41<00:00, 14.39s/it]
100%|â–ˆâ–ˆâ–ˆâ–ˆâ–ˆâ–ˆâ–ˆâ–ˆâ–ˆâ–ˆ| 10/10 [01:41<00:00, 10.15s/it]
