03/13 00:11:27 - OpenCompass - [4m[97mINFO[0m - Task [baichuan/creationv2_zh_0]
03/13 00:11:37 - OpenCompass - [4m[97mINFO[0m - Start inferencing [baichuan/creationv2_zh_0]
03/13 00:13:17 - OpenCompass - [4m[97mINFO[0m - time elapsed: 110.24s
srun: job 3472237 queued and waiting for resources
srun: job 3472237 has been allocated resources
srun: Job 3472237 scheduled successfully!
Current QUOTA_TYPE is [spot], which means the job has occupied quota in SPOT_TOTAL under your partition.
[NOTE]: This job MAY BE PREEMPTED by other jobs of reserved QUOTA_TYPE.
[NOTE]: phx_priority has NO effect on job of spot quota type.

/mnt/petrelfs/caomaosong/miniconda3/envs/opencompass/lib/python3.10/site-packages/transformers/utils/hub.py:124: FutureWarning: Using `TRANSFORMERS_CACHE` is deprecated and will be removed in v5 of Transformers. Use `HF_HOME` instead.
  warnings.warn(
A new version of the following files was downloaded from https://huggingface.co/THUDM/chatglm3-6b:
- tokenization_chatglm.py
. Make sure to double-check they do not contain any added malicious code. To avoid downloading new versions of the code file, you can pin a revision.
A new version of the following files was downloaded from https://huggingface.co/THUDM/chatglm3-6b:
- configuration_chatglm.py
. Make sure to double-check they do not contain any added malicious code. To avoid downloading new versions of the code file, you can pin a revision.
A new version of the following files was downloaded from https://huggingface.co/THUDM/chatglm3-6b:
- modeling_chatglm.py
. Make sure to double-check they do not contain any added malicious code. To avoid downloading new versions of the code file, you can pin a revision.

Downloading shards:   0%|          | 0/7 [00:00<?, ?it/s]
Downloading shards: 100%|â–ˆâ–ˆâ–ˆâ–ˆâ–ˆâ–ˆâ–ˆâ–ˆâ–ˆâ–ˆ| 7/7 [00:00<00:00, 724.08it/s]

Loading checkpoint shards:   0%|          | 0/7 [00:00<?, ?it/s]
Loading checkpoint shards:  14%|â–ˆâ–        | 1/7 [00:00<00:05,  1.07it/s]
Loading checkpoint shards:  29%|â–ˆâ–ˆâ–Š       | 2/7 [00:01<00:04,  1.03it/s]
Loading checkpoint shards:  43%|â–ˆâ–ˆâ–ˆâ–ˆâ–Ž     | 3/7 [00:02<00:03,  1.04it/s]
Loading checkpoint shards:  57%|â–ˆâ–ˆâ–ˆâ–ˆâ–ˆâ–‹    | 4/7 [00:03<00:02,  1.01it/s]
Loading checkpoint shards:  71%|â–ˆâ–ˆâ–ˆâ–ˆâ–ˆâ–ˆâ–ˆâ–  | 5/7 [00:04<00:02,  1.01s/it]
Loading checkpoint shards:  86%|â–ˆâ–ˆâ–ˆâ–ˆâ–ˆâ–ˆâ–ˆâ–ˆâ–Œ | 6/7 [00:05<00:00,  1.01it/s]
Loading checkpoint shards: 100%|â–ˆâ–ˆâ–ˆâ–ˆâ–ˆâ–ˆâ–ˆâ–ˆâ–ˆâ–ˆ| 7/7 [00:06<00:00,  1.18it/s]
Loading checkpoint shards: 100%|â–ˆâ–ˆâ–ˆâ–ˆâ–ˆâ–ˆâ–ˆâ–ˆâ–ˆâ–ˆ| 7/7 [00:06<00:00,  1.08it/s]
[2024-03-13 00:11:37,807] [opencompass.openicl.icl_inferencer.icl_gen_inferencer] [INFO] Starting inference process...

  0%|          | 0/10 [00:00<?, ?it/s]Both `max_new_tokens` (=2048) and `max_length`(=8192) seem to have been set. `max_new_tokens` will take precedence. Please refer to the documentation for more information. (https://huggingface.co/docs/transformers/main/en/main_classes/text_generation)

 10%|â–ˆ         | 1/10 [00:11<01:43, 11.51s/it]Both `max_new_tokens` (=2048) and `max_length`(=8192) seem to have been set. `max_new_tokens` will take precedence. Please refer to the documentation for more information. (https://huggingface.co/docs/transformers/main/en/main_classes/text_generation)

 20%|â–ˆâ–ˆ        | 2/10 [00:19<01:14,  9.26s/it]Both `max_new_tokens` (=2048) and `max_length`(=8192) seem to have been set. `max_new_tokens` will take precedence. Please refer to the documentation for more information. (https://huggingface.co/docs/transformers/main/en/main_classes/text_generation)

 30%|â–ˆâ–ˆâ–ˆ       | 3/10 [00:27<01:00,  8.63s/it]Both `max_new_tokens` (=2048) and `max_length`(=8192) seem to have been set. `max_new_tokens` will take precedence. Please refer to the documentation for more information. (https://huggingface.co/docs/transformers/main/en/main_classes/text_generation)

 40%|â–ˆâ–ˆâ–ˆâ–ˆ      | 4/10 [00:36<00:54,  9.04s/it]Both `max_new_tokens` (=2048) and `max_length`(=8192) seem to have been set. `max_new_tokens` will take precedence. Please refer to the documentation for more information. (https://huggingface.co/docs/transformers/main/en/main_classes/text_generation)

 50%|â–ˆâ–ˆâ–ˆâ–ˆâ–ˆ     | 5/10 [00:48<00:50, 10.20s/it]Both `max_new_tokens` (=2048) and `max_length`(=8192) seem to have been set. `max_new_tokens` will take precedence. Please refer to the documentation for more information. (https://huggingface.co/docs/transformers/main/en/main_classes/text_generation)

 60%|â–ˆâ–ˆâ–ˆâ–ˆâ–ˆâ–ˆ    | 6/10 [00:58<00:39,  9.98s/it]Both `max_new_tokens` (=2048) and `max_length`(=8192) seem to have been set. `max_new_tokens` will take precedence. Please refer to the documentation for more information. (https://huggingface.co/docs/transformers/main/en/main_classes/text_generation)

 70%|â–ˆâ–ˆâ–ˆâ–ˆâ–ˆâ–ˆâ–ˆ   | 7/10 [01:06<00:28,  9.46s/it]Both `max_new_tokens` (=2048) and `max_length`(=8192) seem to have been set. `max_new_tokens` will take precedence. Please refer to the documentation for more information. (https://huggingface.co/docs/transformers/main/en/main_classes/text_generation)

 80%|â–ˆâ–ˆâ–ˆâ–ˆâ–ˆâ–ˆâ–ˆâ–ˆ  | 8/10 [01:17<00:19,  9.77s/it]Both `max_new_tokens` (=2048) and `max_length`(=8192) seem to have been set. `max_new_tokens` will take precedence. Please refer to the documentation for more information. (https://huggingface.co/docs/transformers/main/en/main_classes/text_generation)

 90%|â–ˆâ–ˆâ–ˆâ–ˆâ–ˆâ–ˆâ–ˆâ–ˆâ–ˆ | 9/10 [01:28<00:10, 10.31s/it]Both `max_new_tokens` (=2048) and `max_length`(=8192) seem to have been set. `max_new_tokens` will take precedence. Please refer to the documentation for more information. (https://huggingface.co/docs/transformers/main/en/main_classes/text_generation)

100%|â–ˆâ–ˆâ–ˆâ–ˆâ–ˆâ–ˆâ–ˆâ–ˆâ–ˆâ–ˆ| 10/10 [01:39<00:00, 10.39s/it]
100%|â–ˆâ–ˆâ–ˆâ–ˆâ–ˆâ–ˆâ–ˆâ–ˆâ–ˆâ–ˆ| 10/10 [01:39<00:00,  9.95s/it]
